0 info it worked if it ends with ok
1 verbose cli [ '/Users/flatironschool/.nvm/versions/node/v6.10.1/bin/node',
1 verbose cli   '/Users/flatironschool/.nvm/versions/node/v6.10.1/bin/npm',
1 verbose cli   'start' ]
2 info using npm@3.10.10
3 info using node@v6.10.1
4 verbose config Skipping project config: /Users/flatironschool/.npmrc. (matches userconfig)
5 verbose stack Error: missing script: start
5 verbose stack     at run (/Users/flatironschool/.nvm/versions/node/v6.10.1/lib/node_modules/npm/lib/run-script.js:151:19)
5 verbose stack     at /Users/flatironschool/.nvm/versions/node/v6.10.1/lib/node_modules/npm/lib/run-script.js:61:5
5 verbose stack     at /Users/flatironschool/.nvm/versions/node/v6.10.1/lib/node_modules/npm/node_modules/read-package-json/read-json.js:356:5
5 verbose stack     at checkBinReferences_ (/Users/flatironschool/.nvm/versions/node/v6.10.1/lib/node_modules/npm/node_modules/read-package-json/read-json.js:320:45)
5 verbose stack     at final (/Users/flatironschool/.nvm/versions/node/v6.10.1/lib/node_modules/npm/node_modules/read-package-json/read-json.js:354:3)
5 verbose stack     at then (/Users/flatironschool/.nvm/versions/node/v6.10.1/lib/node_modules/npm/node_modules/read-package-json/read-json.js:124:5)
5 verbose stack     at /Users/flatironschool/.nvm/versions/node/v6.10.1/lib/node_modules/npm/node_modules/read-package-json/read-json.js:243:12
5 verbose stack     at /Users/flatironschool/.nvm/versions/node/v6.10.1/lib/node_modules/npm/node_modules/graceful-fs/graceful-fs.js:78:16
5 verbose stack     at tryToString (fs.js:456:3)
5 verbose stack     at FSReqWrap.readFileAfterClose [as oncomplete] (fs.js:443:12)
6 verbose cwd /Users/flatironschool/Documents/code/web-112017/6_sinatra_forms/worsereads
7 error Darwin 17.0.0
8 error argv "/Users/flatironschool/.nvm/versions/node/v6.10.1/bin/node" "/Users/flatironschool/.nvm/versions/node/v6.10.1/bin/npm" "start"
9 error node v6.10.1
10 error npm  v3.10.10
11 error missing script: start
12 error If you need help, you may report this error at:
12 error     <https://github.com/npm/npm/issues>
13 verbose exit [ 1, true ]
